#
# A fatal error has been detected by the Java Runtime Environment:
#
#  EXCEPTION_ACCESS_VIOLATION (0xc0000005) at pc=0x00007ffc53754a88, pid=10768, tid=5560
#
# JRE version: OpenJDK Runtime Environment Corretto-19.0.2.7.1 (19.0.2+7) (build 19.0.2+7-FR)
# Java VM: OpenJDK 64-Bit Server VM Corretto-19.0.2.7.1 (19.0.2+7-FR, mixed mode, sharing, tiered, compressed oops, compressed class ptrs, g1 gc, windows-amd64)
# Problematic frame:
# V  [jvm.dll+0x354a88]
#
# No core dump will be written. Minidumps are not enabled by default on client versions of Windows
#
# If you would like to submit a bug report, please visit:
#   https://github.com/corretto/corretto-19/issues/
#

---------------  S U M M A R Y ------------

Command Line: -javaagent:C:\Program Files\JetBrains\IntelliJ IDEA Community Edition 2023.3.2\lib\idea_rt.jar=55759:C:\Program Files\JetBrains\IntelliJ IDEA Community Edition 2023.3.2\bin -Dfile.encoding=UTF-8 -Dsun.stdout.encoding=UTF-8 -Dsun.stderr.encoding=UTF-8 com.example.backend.BackEndApplication

Host: AMD A10-7300 Radeon R6, 10 Compute Cores 4C+6G , 4 cores, 6G,  Windows 10 , 64 bit Build 19041 (10.0.19041.3636)
Time: Wed Mar 13 21:09:25 2024 Sri Lanka Standard Time elapsed time: 18799.159792 seconds (0d 5h 13m 19s)

---------------  T H R E A D  ---------------

Current thread (0x00000244698936b0):  WorkerThread "GC Thread#1" [stack: 0x000000ef7b700000,0x000000ef7b800000] [id=5560]

Stack: [0x000000ef7b700000,0x000000ef7b800000],  sp=0x000000ef7b7ff9b0,  free space=1022k
Native frames: (J=compiled Java code, j=interpreted, Vv=VM code, C=native code)
V  [jvm.dll+0x354a88]
V  [jvm.dll+0x3512de]
V  [jvm.dll+0x361408]
V  [jvm.dll+0x36370b]
V  [jvm.dll+0x361b3d]
V  [jvm.dll+0x36329a]
V  [jvm.dll+0x36e2f3]
V  [jvm.dll+0x36e42d]
V  [jvm.dll+0x8ac2fb]
V  [jvm.dll+0x82e2fa]
V  [jvm.dll+0x6cf0d3]
C  [ucrtbase.dll+0x21bb2]
C  [KERNEL32.DLL+0x17344]
C  [ntdll.dll+0x526b1]


siginfo: EXCEPTION_ACCESS_VIOLATION (0xc0000005), reading address 0x0000000000000020


Registers:
RAX=0x0000000000000000, RBX=0x0000024469805950, RCX=0x0000000000000014, RDX=0x0000000000000000
RSP=0x000000ef7b7ff9b0, RBP=0x000000000000022b, RSI=0x00000244476553e0, RDI=0x00000000918cc0b0
R8 =0x0000000092eecf20, R9 =0x00007ffc53f83928, R10=0x0000000000000020, R11=0x00000395705b0536
R12=0x0000000000006660, R13=0x000000ef7b7ffc20, R14=0x0000000000000040, R15=0x0000000000000000
RIP=0x00007ffc53754a88, EFLAGS=0x0000000000010246


Register to memory mapping:

RIP=0x00007ffc53754a88 jvm.dll
RAX=0x0 is NULL
RBX=0x0000024469805950 points into unknown readable memory: 0x00007ffc53db6f10 | 10 6f db 53 fc 7f 00 00
RCX=0x0000000000000014 is an unknown value
RDX=0x0 is NULL
RSP=0x000000ef7b7ff9b0 points into unknown readable memory: 0x0000024469800000 | 00 00 80 69 44 02 00 00
RBP=0x000000000000022b is an unknown value
RSI=0x00000244476553e0 points into unknown readable memory: 0x0000000000000000 | 00 00 00 00 00 00 00 00
RDI=0x00000000918cc0b0 is pointing into object: java.util.concurrent.ConcurrentHashMap$Node 
{0x00000000918cc098} - klass: 'java/util/concurrent/ConcurrentHashMap$Node'
 - ---- fields (total size 4 words):
 - final 'hash' 'I' @12  2032860290 (792afc82)
 - final 'key' 'Ljava/lang/Object;' @16  "org.springframework.context.annotation.ConfigurationClassBeanDefinitionReader$ConfigurationClassBeanDefinition"{0x00000000917db018} (917db018)
 - volatile 'val' 'Ljava/lang/Object;' @20  a 'java/lang/Object'{0x00000000918cc0b8} (918cc0b8)
 - volatile 'next' 'Ljava/util/concurrent/ConcurrentHashMap$Node;' @24  
[error occurred during error reporting (printing register info), id 0xc0000005, EXCEPTION_ACCESS_VIOLATION (0xc0000005) at pc=0x00007ffc53abc89d]

Top of Stack: (sp=0x000000ef7b7ff9b0)
0x000000ef7b7ff9b0:   0000024469800000 0000024447650001
0x000000ef7b7ff9c0:   0000000000000000 0000000092eecf20
0x000000ef7b7ff9d0:   0000024447653250 000002445eba6660
0x000000ef7b7ff9e0:   000000ef7b7ffc20 0000000000000001
0x000000ef7b7ff9f0:   000002445eba6680 00007ffc537512de
0x000000ef7b7ffa00:   00000000918bc000 0000024469805950
0x000000ef7b7ffa10:   000000ef7b7ffc20 0000024447653250
0x000000ef7b7ffa20:   0000002bc522e63f 0000000000000000
0x000000ef7b7ffa30:   0000000000000001 000002445eba6680
0x000000ef7b7ffa40:   00000000918cec18 00007ffc53761408
0x000000ef7b7ffa50:   00000000918cea00 000000ef7b7ffa70
0x000000ef7b7ffa60:   000000ef7b7ffa80 0000000000006660
0x000000ef7b7ffa70:   00000000918cea00 0000000000000040
0x000000ef7b7ffa80:   00007ffc53db7e40 0000000000000000
0x000000ef7b7ffa90:   000002444764c200 0000024469805950
0x000000ef7b7ffaa0:   000000ef7b7ffc78 00000244698835c0 

Instructions: (pc=0x00007ffc53754a88)
0x00007ffc53754988:   e4 fd ff ff 48 8d 57 fe 48 8b cb e8 98 f3 ff ff
0x00007ffc53754998:   e9 d3 fd ff ff 0f 1f 00 48 8b 73 10 8b ae 80 00
0x00007ffc537549a8:   00 00 8b cd 8b 86 00 01 00 00 2b c8 81 e1 ff ff
0x00007ffc537549b8:   01 00 41 3b ce 0f 86 4a 02 00 00 ff cd 81 e5 ff
0x00007ffc537549c8:   ff 01 00 89 ae 80 00 00 00 e8 ba ce 36 00 48 8b
0x00007ffc537549d8:   86 80 01 00 00 8b cd 48 8b 3c e8 8b 86 00 01 00
0x00007ffc537549e8:   00 2b c8 81 e1 ff ff 01 00 81 f9 ff ff 01 00 41
0x00007ffc537549f8:   0f 44 cf 85 c9 75 3f 48 8b 86 00 01 00 00 48 8b
0x00007ffc53754a08:   c8 48 89 44 24 60 48 c1 e9 20 ff c1 89 6c 24 50
0x00007ffc53754a18:   89 4c 24 54 3b e8 0f 85 d7 01 00 00 48 8b 4c 24
0x00007ffc53754a28:   50 f0 48 0f b1 8e 00 01 00 00 0f 85 c3 01 00 00
0x00007ffc53754a38:   8b 86 00 01 00 00 40 f6 c7 01 0f 84 a7 00 00 00
0x00007ffc53754a48:   8b 0d fa df 82 00 48 ff cf 48 8b 43 08 44 8b 17
0x00007ffc53754a58:   49 d3 e2 8b 88 20 06 00 00 48 8b 80 10 06 00 00
0x00007ffc53754a68:   4c 03 15 d1 df 82 00 49 8b d2 48 d3 ea 0f b7 14
0x00007ffc53754a78:   50 0f b7 c2 66 c1 e8 08 84 c0 0f 88 18 ff ff ff
0x00007ffc53754a88:   4d 8b 02 41 0f b6 c0 24 03 3c 03 75 06 49 83 e0
0x00007ffc53754a98:   fc eb 11 4d 8b c8 48 8b cb 4d 8b c2 e8 b7 ed ff
0x00007ffc53754aa8:   ff 4c 8b c0 8b 0d 96 df 82 00 49 8b d0 48 2b 15
0x00007ffc53754ab8:   84 df 82 00 48 d3 ea 89 17 49 8b d0 8b 0d 56 06
0x00007ffc53754ac8:   8a 00 48 33 d7 48 d3 ea 48 85 d2 0f 84 c7 fe ff
0x00007ffc53754ad8:   ff 48 8b 43 08 8b 88 20 06 00 00 4c 8b 88 10 06
0x00007ffc53754ae8:   00 00 e9 87 00 00 00 40 f6 c7 03 0f 85 f1 00 00
0x00007ffc53754af8:   00 48 8b 43 08 4c 8b 17 49 8b d2 8b 88 20 06 00
0x00007ffc53754b08:   00 48 8b 80 10 06 00 00 48 d3 ea 0f b7 14 50 0f
0x00007ffc53754b18:   b7 c2 66 c1 e8 08 84 c0 0f 88 7a fe ff ff 4d 8b
0x00007ffc53754b28:   02 41 0f b6 c0 24 03 3c 03 75 06 49 83 e0 fc eb
0x00007ffc53754b38:   11 4d 8b c8 48 8b cb 4d 8b c2 e8 19 ed ff ff 4c
0x00007ffc53754b48:   8b c0 49 8b d0 4c 89 07 8b 0d ca 05 8a 00 48 33
0x00007ffc53754b58:   d7 48 d3 ea 48 85 d2 0f 84 3b fe ff ff 48 8b 53
0x00007ffc53754b68:   08 8b 8a 20 06 00 00 4c 8b 8a 10 06 00 00 48 8b
0x00007ffc53754b78:   c7 48 d3 e8 41 0f b7 14 41 66 c1 ea 08 80 fa fe 


Stack slot to memory mapping:
stack at sp + 0 slots: 0x0000024469800000 points into unknown readable memory: 0x0000000000000000 | 00 00 00 00 00 00 00 00
stack at sp + 1 slots: 0x0000024447650001 points into unknown readable memory: 00 00 00 00 00 00 00
stack at sp + 2 slots: 0x0 is NULL
stack at sp + 3 slots: 0x0000000092eecf20 is an oop: java.lang.Object 
{0x0000000092eecf20} - klass: 'java/lang/Object'
 - ---- fields (total size 2 words):
stack at sp + 4 slots: 0x0000024447653250 points into unknown readable memory: 0x00000000000006f4 | f4 06 00 00 00 00 00 00
stack at sp + 5 slots: 0x000002445eba6660 points into unknown readable memory: 0xffffffffffffffff | ff ff ff ff ff ff ff ff
stack at sp + 6 slots: 0x000000ef7b7ffc20 points into unknown readable memory: 0x00007ffc53db8058 | 58 80 db 53 fc 7f 00 00
stack at sp + 7 slots: 0x0000000000000001 is an unknown value


---------------  P R O C E S S  ---------------

Threads class SMR info:
_java_thread_list=0x000002446a939810, length=30, elements={
0x0000024464f24fd0, 0x0000024464f25f60, 0x0000024464f27aa0, 0x0000024464f285d0,
0x0000024464f2b310, 0x0000024464f2bc40, 0x0000024464f2ca40, 0x0000024469122eb0,
0x000002446912b420, 0x00000244691cca30, 0x00000244693ce1d0, 0x00000244693919c0,
0x000002446c47a880, 0x000002446a80d3a0, 0x000002446a84d970, 0x000002446c202c30,
0x000002446b07eb00, 0x000002446b07c080, 0x000002446b07d5c0, 0x000002446b07e5b0,
0x000002446bef3b10, 0x000002446bef1b30, 0x000002446bef7ad0, 0x000002446bef1090,
0x000002446bef6ae0, 0x000002446bef4b00, 0x000002446bef4060, 0x000002446bef15e0,
0x000002446bef7030, 0x000002446bef45b0
}

Java Threads: ( => current thread )
  0x0000024464f24fd0 JavaThread "Reference Handler" daemon [_thread_blocked, id=11296, stack(0x000000ef7a900000,0x000000ef7aa00000)]
  0x0000024464f25f60 JavaThread "Finalizer" daemon [_thread_blocked, id=12224, stack(0x000000ef7aa00000,0x000000ef7ab00000)]
  0x0000024464f27aa0 JavaThread "Signal Dispatcher" daemon [_thread_blocked, id=4556, stack(0x000000ef7ab00000,0x000000ef7ac00000)]
  0x0000024464f285d0 JavaThread "Attach Listener" daemon [_thread_blocked, id=9976, stack(0x000000ef7ac00000,0x000000ef7ad00000)]
  0x0000024464f2b310 JavaThread "Service Thread" daemon [_thread_blocked, id=1592, stack(0x000000ef7ad00000,0x000000ef7ae00000)]
  0x0000024464f2bc40 JavaThread "Monitor Deflation Thread" daemon [_thread_blocked, id=12792, stack(0x000000ef7ae00000,0x000000ef7af00000)]
  0x0000024464f2ca40 JavaThread "C2 CompilerThread0" daemon [_thread_blocked, id=664, stack(0x000000ef7af00000,0x000000ef7b000000)]
  0x0000024469122eb0 JavaThread "C1 CompilerThread0" daemon [_thread_blocked, id=15216, stack(0x000000ef7b000000,0x000000ef7b100000)]
  0x000002446912b420 JavaThread "Sweeper thread" daemon [_thread_blocked, id=12216, stack(0x000000ef7b100000,0x000000ef7b200000)]
  0x00000244691cca30 JavaThread "Common-Cleaner" daemon [_thread_blocked, id=8456, stack(0x000000ef7b200000,0x000000ef7b300000)]
  0x00000244693ce1d0 JavaThread "Monitor Ctrl-Break" daemon [_thread_in_native, id=8556, stack(0x000000ef7b400000,0x000000ef7b500000)]
  0x00000244693919c0 JavaThread "Notification Thread" daemon [_thread_blocked, id=6572, stack(0x000000ef7b500000,0x000000ef7b600000)]
  0x000002446c47a880 JavaThread "Catalina-utility-1" [_thread_blocked, id=5376, stack(0x000000ef7ba00000,0x000000ef7bb00000)]
  0x000002446a80d3a0 JavaThread "Catalina-utility-2" [_thread_blocked, id=11096, stack(0x000000ef7bb00000,0x000000ef7bc00000)]
  0x000002446a84d970 JavaThread "container-0" [_thread_blocked, id=5672, stack(0x000000ef7bc00000,0x000000ef7bd00000)]
  0x000002446c202c30 JavaThread "mysql-cj-abandoned-connection-cleanup" daemon [_thread_blocked, id=6072, stack(0x000000ef7bd00000,0x000000ef7be00000)]
  0x000002446b07eb00 JavaThread "HikariPool-1 housekeeper" daemon [_thread_blocked, id=9432, stack(0x000000ef7bf00000,0x000000ef7c000000)]
  0x000002446b07c080 JavaThread "http-nio-8080-exec-1" daemon [_thread_blocked, id=11068, stack(0x000000ef7c100000,0x000000ef7c200000)]
  0x000002446b07d5c0 JavaThread "http-nio-8080-exec-2" daemon [_thread_blocked, id=12500, stack(0x000000ef7c200000,0x000000ef7c300000)]
  0x000002446b07e5b0 JavaThread "http-nio-8080-exec-3" daemon [_thread_blocked, id=12952, stack(0x000000ef7c300000,0x000000ef7c400000)]
  0x000002446bef3b10 JavaThread "http-nio-8080-exec-4" daemon [_thread_blocked, id=11056, stack(0x000000ef7c400000,0x000000ef7c500000)]
  0x000002446bef1b30 JavaThread "http-nio-8080-exec-5" daemon [_thread_blocked, id=8668, stack(0x000000ef7c500000,0x000000ef7c600000)]
  0x000002446bef7ad0 JavaThread "http-nio-8080-exec-6" daemon [_thread_blocked, id=6692, stack(0x000000ef7c600000,0x000000ef7c700000)]
  0x000002446bef1090 JavaThread "http-nio-8080-exec-7" daemon [_thread_blocked, id=10688, stack(0x000000ef7c700000,0x000000ef7c800000)]
  0x000002446bef6ae0 JavaThread "http-nio-8080-exec-8" daemon [_thread_blocked, id=4420, stack(0x000000ef7c800000,0x000000ef7c900000)]
  0x000002446bef4b00 JavaThread "http-nio-8080-exec-9" daemon [_thread_blocked, id=9324, stack(0x000000ef7c900000,0x000000ef7ca00000)]
  0x000002446bef4060 JavaThread "http-nio-8080-exec-10" daemon [_thread_blocked, id=9440, stack(0x000000ef7ca00000,0x000000ef7cb00000)]
  0x000002446bef15e0 JavaThread "http-nio-8080-Poller" daemon [_thread_in_native, id=6320, stack(0x000000ef7c000000,0x000000ef7c100000)]
  0x000002446bef7030 JavaThread "http-nio-8080-Acceptor" daemon [_thread_in_native, id=6380, stack(0x000000ef7cb00000,0x000000ef7cc00000)]
  0x000002446bef45b0 JavaThread "DestroyJavaVM" [_thread_blocked, id=14844, stack(0x000000ef7a200000,0x000000ef7a300000)]

Other Threads:
  0x0000024464f11200 VMThread "VM Thread" [stack: 0x000000ef7a800000,0x000000ef7a900000] [id=10112]
  0x0000024469392710 WatcherThread "VM Periodic Task Thread" [stack: 0x000000ef7b600000,0x000000ef7b700000] [id=916]
  0x000002444768ed30 WorkerThread "GC Thread#0" [stack: 0x000000ef7a300000,0x000000ef7a400000] [id=3992]
=>0x00000244698936b0 WorkerThread "GC Thread#1" [stack: 0x000000ef7b700000,0x000000ef7b800000] [id=5560]
  0x0000024469a41110 WorkerThread "GC Thread#2" [stack: 0x000000ef7b800000,0x000000ef7b900000] [id=11236]
  0x0000024469937550 WorkerThread "GC Thread#3" [stack: 0x000000ef7b900000,0x000000ef7ba00000] [id=3844]
  0x000002444769db10 ConcurrentGCThread "G1 Main Marker" [stack: 0x000000ef7a400000,0x000000ef7a500000] [id=9108]
  0x000002444769f550 WorkerThread "G1 Conc#0" [stack: 0x000000ef7a500000,0x000000ef7a600000] [id=14204]
  0x0000024464dcc170 ConcurrentGCThread "G1 Refine#0" [stack: 0x000000ef7a600000,0x000000ef7a700000] [id=12944]
  0x0000024464dccac0 ConcurrentGCThread "G1 Service" [stack: 0x000000ef7a700000,0x000000ef7a800000] [id=6684]

Threads with active compile tasks:

VM state: at safepoint (normal execution)

VM Mutex/Monitor currently owned by a thread:  ([mutex/lock_event])
[0x0000024447634f20] Threads_lock - owner thread: 0x0000024464f11200
[0x0000024447635820] Heap_lock - owner thread: 0x000002446bef4b00

Heap address: 0x0000000090c00000, size: 1780 MB, Compressed Oops mode: 32-bit

CDS archive(s) mapped at: [0x0000000800000000-0x0000000800c40000-0x0000000800c40000), size 12845056, SharedBaseAddress: 0x0000000800000000, ArchiveRelocationMode: 0.
Compressed class space mapped at: 0x0000000801000000-0x0000000841000000, reserved size: 1073741824
Narrow klass base: 0x0000000800000000, Narrow klass shift: 0, Narrow klass range: 0x100000000

GC Precious Log:
 CardTable entry size: 512
 Card Set container configuration: InlinePtr #cards 5 size 8 Array Of Cards #cards 12 size 40 Howl #buckets 4 coarsen threshold 1843 Howl Bitmap #cards 512 size 80 coarsen threshold 460 Card regions per heap region 1 cards per card region 2048
 CPUs: 4 total, 4 available
 Memory: 7114M
 Large Page Support: Disabled
 NUMA Support: Disabled
 Compressed Oops: Enabled (32-bit)
 Heap Region Size: 1M
 Heap Min Capacity: 8M
 Heap Initial Capacity: 112M
 Heap Max Capacity: 1780M
 Pre-touch: Disabled
 Parallel Workers: 4
 Concurrent Workers: 1
 Concurrent Refinement Workers: 4
 Periodic GC: Disabled

Heap:
 garbage-first heap   total 99328K, used 81814K [0x0000000090c00000, 0x0000000100000000)
  region size 1024K, 60 young (61440K), 6 survivors (6144K)
 Metaspace       used 65903K, committed 66624K, reserved 1114112K
  class space    used 8415K, committed 8768K, reserved 1048576K

Heap Regions: E=young(eden), S=young(survivor), O=old, HS=humongous(starts), HC=humongous(continues), CS=collection set, F=free, OA=open archive, CA=closed archive, TAMS=top-at-mark-start (previous, next)
|   0|0x0000000090c00000, 0x0000000090d00000, 0x0000000090d00000|100%|HS|  |TAMS 0x0000000090d00000, 0x0000000090c00000| Complete 
|   1|0x0000000090d00000, 0x0000000090e00000, 0x0000000090e00000|100%| O|  |TAMS 0x0000000090e00000, 0x0000000090d00000| Untracked 
|   2|0x0000000090e00000, 0x0000000090f00000, 0x0000000090f00000|100%| O|  |TAMS 0x0000000090f00000, 0x0000000090e00000| Untracked 
|   3|0x0000000090f00000, 0x0000000091000000, 0x0000000091000000|100%| O|  |TAMS 0x0000000091000000, 0x0000000090f00000| Untracked 
|   4|0x0000000091000000, 0x0000000091100000, 0x0000000091100000|100%| O|  |TAMS 0x0000000091100000, 0x0000000091000000| Untracked 
|   5|0x0000000091100000, 0x0000000091200000, 0x0000000091200000|100%| O|  |TAMS 0x0000000091200000, 0x0000000091100000| Untracked 
|   6|0x0000000091200000, 0x0000000091300000, 0x0000000091300000|100%| O|  |TAMS 0x0000000091300000, 0x0000000091200000| Untracked 
|   7|0x0000000091300000, 0x0000000091400000, 0x0000000091400000|100%| O|  |TAMS 0x0000000091400000, 0x0000000091300000| Untracked 
|   8|0x0000000091400000, 0x0000000091500000, 0x0000000091500000|100%| O|  |TAMS 0x0000000091500000, 0x0000000091400000| Untracked 
|   9|0x0000000091500000, 0x0000000091600000, 0x0000000091600000|100%| O|  |TAMS 0x0000000091600000, 0x0000000091500000| Untracked 
|  10|0x0000000091600000, 0x0000000091700000, 0x0000000091700000|100%| O|  |TAMS 0x0000000091700000, 0x0000000091600000| Untracked 
|  11|0x0000000091700000, 0x0000000091800000, 0x0000000091800000|100%| O|  |TAMS 0x0000000091800000, 0x0000000091700000| Untracked 
|  12|0x0000000091800000, 0x0000000091900000, 0x0000000091900000|100%| O|  |TAMS 0x0000000091900000, 0x0000000091800000| Untracked 
|  13|0x0000000091900000, 0x0000000091a00000, 0x0000000091a00000|100%| O|  |TAMS 0x0000000091a00000, 0x0000000091900000| Untracked 
|  14|0x0000000091a00000, 0x0000000091b00000, 0x0000000091b00000|100%| O|  |TAMS 0x0000000091b00000, 0x0000000091a00000| Untracked 
|  15|0x0000000091b00000, 0x0000000091c00000, 0x0000000091c00000|100%| O|  |TAMS 0x0000000091c00000, 0x0000000091b00000| Untracked 
|  16|0x0000000091c00000, 0x0000000091d00000, 0x0000000091d00000|100%| O|  |TAMS 0x0000000091d00000, 0x0000000091c00000| Untracked 
|  17|0x0000000091d00000, 0x0000000091e00000, 0x0000000091e00000|100%| O|  |TAMS 0x0000000091e00000, 0x0000000091d00000| Untracked 
|  18|0x0000000091e00000, 0x0000000091f00000, 0x0000000091f00000|100%| O|  |TAMS 0x0000000091f00000, 0x0000000091e00000| Untracked 
|  19|0x0000000091f00000, 0x0000000092000000, 0x0000000092000000|100%| O|  |TAMS 0x0000000092000000, 0x0000000091f00000| Untracked 
|  20|0x0000000092000000, 0x0000000092100000, 0x0000000092100000|100%| O|  |TAMS 0x0000000092100000, 0x0000000092000000| Untracked 
|  21|0x0000000092100000, 0x0000000092200000, 0x0000000092200000|100%| O|  |TAMS 0x0000000092200000, 0x0000000092100000| Untracked 
|  22|0x0000000092200000, 0x0000000092279800, 0x0000000092300000| 47%| O|  |TAMS 0x0000000092279800, 0x0000000092200000| Complete 
|  23|0x0000000092300000, 0x0000000092300000, 0x0000000092400000|  0%| F|  |TAMS 0x0000000092300000, 0x0000000092300000| Untracked 
|  24|0x0000000092400000, 0x0000000092400000, 0x0000000092500000|  0%| F|  |TAMS 0x0000000092400000, 0x0000000092400000| Untracked 
|  25|0x0000000092500000, 0x0000000092500000, 0x0000000092600000|  0%| F|  |TAMS 0x0000000092500000, 0x0000000092500000| Untracked 
|  26|0x0000000092600000, 0x0000000092600000, 0x0000000092700000|  0%| F|  |TAMS 0x0000000092600000, 0x0000000092600000| Untracked 
|  27|0x0000000092700000, 0x0000000092700000, 0x0000000092800000|  0%| F|  |TAMS 0x0000000092700000, 0x0000000092700000| Untracked 
|  28|0x0000000092800000, 0x0000000092800000, 0x0000000092900000|  0%| F|  |TAMS 0x0000000092800000, 0x0000000092800000| Untracked 
|  29|0x0000000092900000, 0x0000000092900000, 0x0000000092a00000|  0%| F|  |TAMS 0x0000000092900000, 0x0000000092900000| Untracked 
|  30|0x0000000092a00000, 0x0000000092a00000, 0x0000000092b00000|  0%| F|  |TAMS 0x0000000092a00000, 0x0000000092a00000| Untracked 
|  31|0x0000000092b00000, 0x0000000092b00000, 0x0000000092c00000|  0%| F|  |TAMS 0x0000000092b00000, 0x0000000092b00000| Untracked 
|  32|0x0000000092c00000, 0x0000000092c00000, 0x0000000092d00000|  0%| F|  |TAMS 0x0000000092c00000, 0x0000000092c00000| Untracked 
|  33|0x0000000092d00000, 0x0000000092da09a0, 0x0000000092e00000| 62%| S|  |TAMS 0x0000000092d00000, 0x0000000092d00000| Complete 
|  34|0x0000000092e00000, 0x0000000092f00000, 0x0000000092f00000|100%| S|  |TAMS 0x0000000092e00000, 0x0000000092e00000| Complete 
|  35|0x0000000092f00000, 0x0000000093000000, 0x0000000093000000|100%| S|  |TAMS 0x0000000092f00000, 0x0000000092f00000| Complete 
|  36|0x0000000093000000, 0x0000000093100000, 0x0000000093100000|100%| S|  |TAMS 0x0000000093000000, 0x0000000093000000| Complete 
|  37|0x0000000093100000, 0x0000000093200000, 0x0000000093200000|100%| S|  |TAMS 0x0000000093100000, 0x0000000093100000| Complete 
|  38|0x0000000093200000, 0x0000000093300000, 0x0000000093300000|100%| S|  |TAMS 0x0000000093200000, 0x0000000093200000| Complete 
|  39|0x0000000093300000, 0x0000000093400000, 0x0000000093400000|100%| E|CS|TAMS 0x0000000093300000, 0x0000000093300000| Complete 
|  40|0x0000000093400000, 0x0000000093500000, 0x0000000093500000|100%| E|CS|TAMS 0x0000000093400000, 0x0000000093400000| Complete 
|  41|0x0000000093500000, 0x0000000093600000, 0x0000000093600000|100%| E|CS|TAMS 0x0000000093500000, 0x0000000093500000| Complete 
|  42|0x0000000093600000, 0x0000000093700000, 0x0000000093700000|100%| E|CS|TAMS 0x0000000093600000, 0x0000000093600000| Complete 
|  43|0x0000000093700000, 0x0000000093800000, 0x0000000093800000|100%| E|CS|TAMS 0x0000000093700000, 0x0000000093700000| Complete 
|  44|0x0000000093800000, 0x0000000093900000, 0x0000000093900000|100%| E|CS|TAMS 0x0000000093800000, 0x0000000093800000| Complete 
|  45|0x0000000093900000, 0x0000000093a00000, 0x0000000093a00000|100%| E|CS|TAMS 0x0000000093900000, 0x0000000093900000| Complete 
|  46|0x0000000093a00000, 0x0000000093b00000, 0x0000000093b00000|100%| E|CS|TAMS 0x0000000093a00000, 0x0000000093a00000| Complete 
|  47|0x0000000093b00000, 0x0000000093c00000, 0x0000000093c00000|100%| E|CS|TAMS 0x0000000093b00000, 0x0000000093b00000| Complete 
|  48|0x0000000093c00000, 0x0000000093d00000, 0x0000000093d00000|100%| E|CS|TAMS 0x0000000093c00000, 0x0000000093c00000| Complete 
|  49|0x0000000093d00000, 0x0000000093e00000, 0x0000000093e00000|100%| E|CS|TAMS 0x0000000093d00000, 0x0000000093d00000| Complete 
|  50|0x0000000093e00000, 0x0000000093f00000, 0x0000000093f00000|100%| E|CS|TAMS 0x0000000093e00000, 0x0000000093e00000| Complete 
|  51|0x0000000093f00000, 0x0000000094000000, 0x0000000094000000|100%| E|CS|TAMS 0x0000000093f00000, 0x0000000093f00000| Complete 
|  52|0x0000000094000000, 0x0000000094100000, 0x0000000094100000|100%| E|CS|TAMS 0x0000000094000000, 0x0000000094000000| Complete 
|  53|0x0000000094100000, 0x0000000094200000, 0x0000000094200000|100%| E|CS|TAMS 0x0000000094100000, 0x0000000094100000| Complete 
|  54|0x0000000094200000, 0x0000000094300000, 0x0000000094300000|100%| E|CS|TAMS 0x0000000094200000, 0x0000000094200000| Complete 
|  55|0x0000000094300000, 0x0000000094400000, 0x0000000094400000|100%| E|CS|TAMS 0x0000000094300000, 0x0000000094300000| Complete 
|  56|0x0000000094400000, 0x0000000094500000, 0x0000000094500000|100%| E|CS|TAMS 0x0000000094400000, 0x0000000094400000| Complete 
|  57|0x0000000094500000, 0x0000000094600000, 0x0000000094600000|100%| E|CS|TAMS 0x0000000094500000, 0x0000000094500000| Complete 
|  58|0x0000000094600000, 0x0000000094700000, 0x0000000094700000|100%| E|CS|TAMS 0x0000000094600000, 0x0000000094600000| Complete 
|  59|0x0000000094700000, 0x0000000094800000, 0x0000000094800000|100%| E|CS|TAMS 0x0000000094700000, 0x0000000094700000| Complete 
|  60|0x0000000094800000, 0x0000000094900000, 0x0000000094900000|100%| E|CS|TAMS 0x0000000094800000, 0x0000000094800000| Complete 
|  61|0x0000000094900000, 0x0000000094a00000, 0x0000000094a00000|100%| E|CS|TAMS 0x0000000094900000, 0x0000000094900000| Complete 
|  62|0x0000000094a00000, 0x0000000094b00000, 0x0000000094b00000|100%| E|CS|TAMS 0x0000000094a00000, 0x0000000094a00000| Complete 
|  63|0x0000000094b00000, 0x0000000094c00000, 0x0000000094c00000|100%| E|CS|TAMS 0x0000000094b00000, 0x0000000094b00000| Complete 
|  64|0x0000000094c00000, 0x0000000094d00000, 0x0000000094d00000|100%| E|CS|TAMS 0x0000000094c00000, 0x0000000094c00000| Complete 
|  65|0x0000000094d00000, 0x0000000094e00000, 0x0000000094e00000|100%| E|CS|TAMS 0x0000000094d00000, 0x0000000094d00000| Complete 
|  66|0x0000000094e00000, 0x0000000094f00000, 0x0000000094f00000|100%| E|CS|TAMS 0x0000000094e00000, 0x0000000094e00000| Complete 
|  67|0x0000000094f00000, 0x0000000095000000, 0x0000000095000000|100%| E|CS|TAMS 0x0000000094f00000, 0x0000000094f00000| Complete 
|  68|0x0000000095000000, 0x0000000095100000, 0x0000000095100000|100%| E|CS|TAMS 0x0000000095000000, 0x0000000095000000| Complete 
|  69|0x0000000095100000, 0x0000000095200000, 0x0000000095200000|100%| E|CS|TAMS 0x0000000095100000, 0x0000000095100000| Complete 
|  70|0x0000000095200000, 0x0000000095300000, 0x0000000095300000|100%| E|CS|TAMS 0x0000000095200000, 0x0000000095200000| Complete 
|  71|0x0000000095300000, 0x0000000095400000, 0x0000000095400000|100%| E|CS|TAMS 0x0000000095300000, 0x0000000095300000| Complete 
|  72|0x0000000095400000, 0x0000000095500000, 0x0000000095500000|100%| E|CS|TAMS 0x0000000095400000, 0x0000000095400000| Complete 
|  73|0x0000000095500000, 0x0000000095600000, 0x0000000095600000|100%| E|CS|TAMS 0x0000000095500000, 0x0000000095500000| Complete 
|  74|0x0000000095600000, 0x0000000095700000, 0x0000000095700000|100%| E|CS|TAMS 0x0000000095600000, 0x0000000095600000| Complete 
|  75|0x0000000095700000, 0x0000000095800000, 0x0000000095800000|100%| E|CS|TAMS 0x0000000095700000, 0x0000000095700000| Complete 
|  76|0x0000000095800000, 0x0000000095900000, 0x0000000095900000|100%| E|CS|TAMS 0x0000000095800000, 0x0000000095800000| Complete 
|  77|0x0000000095900000, 0x0000000095a00000, 0x0000000095a00000|100%| E|CS|TAMS 0x0000000095900000, 0x0000000095900000| Complete 
|  78|0x0000000095a00000, 0x0000000095b00000, 0x0000000095b00000|100%| E|CS|TAMS 0x0000000095a00000, 0x0000000095a00000| Complete 
|  79|0x0000000095b00000, 0x0000000095c00000, 0x0000000095c00000|100%| E|CS|TAMS 0x0000000095b00000, 0x0000000095b00000| Complete 
|  80|0x0000000095c00000, 0x0000000095d00000, 0x0000000095d00000|100%| E|CS|TAMS 0x0000000095c00000, 0x0000000095c00000| Complete 
|  81|0x0000000095d00000, 0x0000000095e00000, 0x0000000095e00000|100%| E|CS|TAMS 0x0000000095d00000, 0x0000000095d00000| Complete 
|  82|0x0000000095e00000, 0x0000000095f00000, 0x0000000095f00000|100%| E|CS|TAMS 0x0000000095e00000, 0x0000000095e00000| Complete 
|  83|0x0000000095f00000, 0x0000000096000000, 0x0000000096000000|100%| E|CS|TAMS 0x0000000095f00000, 0x0000000095f00000| Complete 
|  84|0x0000000096000000, 0x0000000096100000, 0x0000000096100000|100%| E|CS|TAMS 0x0000000096000000, 0x0000000096000000| Complete 
|  85|0x0000000096100000, 0x0000000096200000, 0x0000000096200000|100%| E|CS|TAMS 0x0000000096100000, 0x0000000096100000| Complete 
|  86|0x0000000096200000, 0x0000000096300000, 0x0000000096300000|100%| E|CS|TAMS 0x0000000096200000, 0x0000000096200000| Complete 
|  87|0x0000000096300000, 0x0000000096400000, 0x0000000096400000|100%| E|CS|TAMS 0x0000000096300000, 0x0000000096300000| Complete 
|  88|0x0000000096400000, 0x0000000096500000, 0x0000000096500000|100%| E|CS|TAMS 0x0000000096400000, 0x0000000096400000| Complete 
|  89|0x0000000096500000, 0x0000000096600000, 0x0000000096600000|100%| E|CS|TAMS 0x0000000096500000, 0x0000000096500000| Complete 
|  90|0x0000000096600000, 0x0000000096700000, 0x0000000096700000|100%| E|CS|TAMS 0x0000000096600000, 0x0000000096600000| Complete 
| 110|0x0000000097a00000, 0x0000000097a6c318, 0x0000000097b00000| 42%| E|CS|TAMS 0x0000000097a00000, 0x0000000097a00000| Complete 
| 111|0x0000000097b00000, 0x0000000097c00000, 0x0000000097c00000|100%| E|CS|TAMS 0x0000000097b00000, 0x0000000097b00000| Complete 
| 112|0x0000000097c00000, 0x0000000097d00000, 0x0000000097d00000|100%| E|CS|TAMS 0x0000000097c00000, 0x0000000097c00000| Complete 
| 113|0x0000000097d00000, 0x0000000097e00000, 0x0000000097e00000|100%| E|CS|TAMS 0x0000000097d00000, 0x0000000097d00000| Complete 
| 115|0x0000000097f00000, 0x0000000098000000, 0x0000000098000000|100%| E|CS|TAMS 0x0000000097f00000, 0x0000000097f00000| Complete 
| 116|0x0000000098000000, 0x0000000098100000, 0x0000000098100000|100%| E|CS|TAMS 0x0000000098000000, 0x0000000098000000| Complete 

Card table byte_map: [0x000002445eba0000,0x000002445ef20000] _byte_map_base: 0x000002445e71a000

Marking Bits (Prev, Next): (CMBitMap*) 0x000002444768f3a0, (CMBitMap*) 0x000002444768f360
 Prev Bits: [0x0000024460e70000, 0x0000024462a40000)
 Next Bits: [0x000002445f2a0000, 0x0000024460e70000)

Polling page: 0x0000024445430000

Metaspace:

Usage:
  Non-class:     56.14 MB used.
      Class:      8.22 MB used.
       Both:     64.36 MB used.

Virtual space:
  Non-class space:       64.00 MB reserved,      56.50 MB ( 88%) committed,  1 nodes.
      Class space:        1.00 GB reserved,       8.56 MB ( <1%) committed,  1 nodes.
             Both:        1.06 GB reserved,      65.06 MB (  6%) committed. 

Chunk freelists:
   Non-Class:  3.51 MB
       Class:  3.38 MB
        Both:  6.89 MB

MaxMetaspaceSize: unlimited
CompressedClassSpaceSize: 1.00 GB
Initial GC threshold: 21.00 MB
Current GC threshold: 99.81 MB
CDS: on
MetaspaceReclaimPolicy: balanced
 - commit_granule_bytes: 65536.
 - commit_granule_words: 8192.
 - virtual_space_node_default_size: 8388608.
 - enlarge_chunks_in_place: 1.
 - new_chunks_are_fully_committed: 0.
 - uncommit_free_chunks: 1.
 - use_allocation_guard: 0.


Internal statistics:

num_allocs_failed_limit: 15.
num_arena_births: 1026.
num_arena_deaths: 0.
num_vsnodes_births: 2.
num_vsnodes_deaths: 0.
num_space_committed: 1041.
num_space_uncommitted: 0.
num_chunks_returned_to_freelist: 15.
num_chunks_taken_from_freelist: 3440.
num_chunk_merges: 12.
num_chunk_splits: 2486.
num_chunks_enlarged: 1989.
num_inconsistent_stats: 0.

CodeHeap 'non-profiled nmethods': size=120000Kb used=4669Kb max_used=4669Kb free=115330Kb
 bounds [0x00000244572f0000, 0x0000024457780000, 0x000002445e820000]
CodeHeap 'profiled nmethods': size=120000Kb used=16600Kb max_used=16600Kb free=103399Kb
 bounds [0x000002444f820000, 0x0000024450860000, 0x0000024456d50000]
CodeHeap 'non-nmethods': size=5760Kb used=1431Kb max_used=1467Kb free=4328Kb
 bounds [0x0000024456d50000, 0x0000024456fc0000, 0x00000244572f0000]
 total_blobs=9019 nmethods=8338 adapters=591
 compilation: enabled
              stopped_count=0, restarted_count=0
 full_count=0

Compilation events (20 events):
Event: 18776.802 Thread 0x0000024469122eb0 nmethod 9206 0x0000024450851090 code [0x0000024450851380, 0x0000024450852458]
Event: 18776.802 Thread 0x0000024469122eb0 9207       3       org.springframework.data.jpa.repository.support.SimpleJpaRepository$$Lambda$1431/0x0000000801852e30::<init> (10 bytes)
Event: 18776.802 Thread 0x0000024469122eb0 nmethod 9207 0x0000024450852990 code [0x0000024450852b40, 0x0000024450852cf8]
Event: 18776.802 Thread 0x0000024469122eb0 9208       3       org.hibernate.sql.exec.spi.ExecutionContext::registerLoadingEntityEntry (1 bytes)
Event: 18776.802 Thread 0x0000024469122eb0 nmethod 9208 0x0000024450852d90 code [0x0000024450852f20, 0x0000024450853038]
Event: 18777.076 Thread 0x0000024464f2ca40 nmethod 9203 0x0000024457774a90 code [0x00000244577751c0, 0x000002445777a5d0]
Event: 18777.077 Thread 0x0000024464f2ca40 9204   !   4       com.mysql.cj.jdbc.result.ResultSetImpl::checkColumnBounds (142 bytes)
Event: 18777.083 Thread 0x0000024464f2ca40 nmethod 9204 0x000002445777ed10 code [0x000002445777eea0, 0x000002445777f1b8]
Event: 18797.925 Thread 0x0000024469122eb0 9209       3       java.lang.invoke.DelegatingMethodHandle$Holder::reinvoke_L (20 bytes)
Event: 18797.925 Thread 0x0000024469122eb0 nmethod 9209 0x0000024450853110 code [0x00000244508532e0, 0x0000024450853678]
Event: 18797.989 Thread 0x0000024464f2ca40 9210       4       org.hibernate.internal.AbstractSharedSessionContract::checkOpen (38 bytes)
Event: 18797.989 Thread 0x0000024469122eb0 9211       3       org.hibernate.sql.results.jdbc.internal.DeferredResultSetAccess::bindParameters (228 bytes)
Event: 18797.990 Thread 0x0000024464f2ca40 nmethod 9210 0x000002445777f410 code [0x000002445777f5a0, 0x000002445777f678]
Event: 18797.991 Thread 0x0000024469122eb0 nmethod 9211 0x0000024450853790 code [0x0000024450853aa0, 0x00000244508551c8]
Event: 18797.991 Thread 0x0000024469122eb0 9212       3       org.hibernate.engine.internal.SessionEventListenerManagerImpl::jdbcExecuteStatementStart (42 bytes)
Event: 18797.992 Thread 0x0000024469122eb0 nmethod 9212 0x0000024450855810 code [0x00000244508559e0, 0x0000024450855ca8]
Event: 18797.992 Thread 0x0000024469122eb0 9213       3       org.hibernate.sql.results.jdbc.internal.DeferredResultSetAccess::release (85 bytes)
Event: 18797.993 Thread 0x0000024469122eb0 nmethod 9213 0x0000024450855e10 code [0x0000024450856000, 0x0000024450856858]
Event: 18799.047 Thread 0x0000024469122eb0 9214       3       org.hibernate.metamodel.mapping.internal.ImmutableAttributeMappingsMap::get (30 bytes)
Event: 18799.048 Thread 0x0000024469122eb0 nmethod 9214 0x0000024450856b90 code [0x0000024450856d60, 0x00000244508570e8]

GC Heap History (20 events):
Event: 7.365 GC heap after
{Heap after GC invocations=7 (full 0):
 garbage-first heap   total 61440K, used 16052K [0x0000000090c00000, 0x0000000100000000)
  region size 1024K, 1 young (1024K), 1 survivors (1024K)
 Metaspace       used 26945K, committed 27392K, reserved 1114112K
  class space    used 3276K, committed 3520K, reserved 1048576K
}
Event: 8.899 GC heap before
{Heap before GC invocations=7 (full 0):
 garbage-first heap   total 61440K, used 42676K [0x0000000090c00000, 0x0000000100000000)
  region size 1024K, 28 young (28672K), 1 survivors (1024K)
 Metaspace       used 33106K, committed 33536K, reserved 1114112K
  class space    used 4160K, committed 4352K, reserved 1048576K
}
Event: 8.906 GC heap after
{Heap after GC invocations=8 (full 0):
 garbage-first heap   total 61440K, used 17264K [0x0000000090c00000, 0x0000000100000000)
  region size 1024K, 2 young (2048K), 2 survivors (2048K)
 Metaspace       used 33106K, committed 33536K, reserved 1114112K
  class space    used 4160K, committed 4352K, reserved 1048576K
}
Event: 9.300 GC heap before
{Heap before GC invocations=8 (full 0):
 garbage-first heap   total 61440K, used 23408K [0x0000000090c00000, 0x0000000100000000)
  region size 1024K, 10 young (10240K), 2 survivors (2048K)
 Metaspace       used 35581K, committed 36096K, reserved 1114112K
  class space    used 4457K, committed 4736K, reserved 1048576K
}
Event: 9.307 GC heap after
{Heap after GC invocations=9 (full 0):
 garbage-first heap   total 61440K, used 17895K [0x0000000090c00000, 0x0000000100000000)
  region size 1024K, 3 young (3072K), 3 survivors (3072K)
 Metaspace       used 35581K, committed 36096K, reserved 1114112K
  class space    used 4457K, committed 4736K, reserved 1048576K
}
Event: 10.861 GC heap before
{Heap before GC invocations=10 (full 0):
 garbage-first heap   total 61440K, used 45543K [0x0000000090c00000, 0x0000000100000000)
  region size 1024K, 31 young (31744K), 3 survivors (3072K)
 Metaspace       used 44401K, committed 44928K, reserved 1114112K
  class space    used 5704K, committed 5952K, reserved 1048576K
}
Event: 10.874 GC heap after
{Heap after GC invocations=11 (full 0):
 garbage-first heap   total 61440K, used 20550K [0x0000000090c00000, 0x0000000100000000)
  region size 1024K, 4 young (4096K), 4 survivors (4096K)
 Metaspace       used 44401K, committed 44928K, reserved 1114112K
  class space    used 5704K, committed 5952K, reserved 1048576K
}
Event: 10.966 GC heap before
{Heap before GC invocations=11 (full 0):
 garbage-first heap   total 61440K, used 21574K [0x0000000090c00000, 0x0000000100000000)
  region size 1024K, 5 young (5120K), 4 survivors (4096K)
 Metaspace       used 45225K, committed 45760K, reserved 1114112K
  class space    used 5778K, committed 6016K, reserved 1048576K
}
Event: 10.973 GC heap after
{Heap after GC invocations=12 (full 0):
 garbage-first heap   total 61440K, used 20668K [0x0000000090c00000, 0x0000000100000000)
  region size 1024K, 1 young (1024K), 1 survivors (1024K)
 Metaspace       used 45225K, committed 45760K, reserved 1114112K
  class space    used 5778K, committed 6016K, reserved 1048576K
}
Event: 12.504 GC heap before
{Heap before GC invocations=12 (full 0):
 garbage-first heap   total 61440K, used 45244K [0x0000000090c00000, 0x0000000100000000)
  region size 1024K, 26 young (26624K), 1 survivors (1024K)
 Metaspace       used 51020K, committed 51584K, reserved 1114112K
  class space    used 6711K, committed 6976K, reserved 1048576K
}
Event: 12.509 GC heap after
{Heap after GC invocations=13 (full 0):
 garbage-first heap   total 61440K, used 21264K [0x0000000090c00000, 0x0000000100000000)
  region size 1024K, 2 young (2048K), 2 survivors (2048K)
 Metaspace       used 51020K, committed 51584K, reserved 1114112K
  class space    used 6711K, committed 6976K, reserved 1048576K
}
Event: 13.609 GC heap before
{Heap before GC invocations=13 (full 0):
 garbage-first heap   total 61440K, used 46864K [0x0000000090c00000, 0x0000000100000000)
  region size 1024K, 27 young (27648K), 2 survivors (2048K)
 Metaspace       used 54942K, committed 55552K, reserved 1114112K
  class space    used 7195K, committed 7488K, reserved 1048576K
}
Event: 13.617 GC heap after
{Heap after GC invocations=14 (full 0):
 garbage-first heap   total 61440K, used 23074K [0x0000000090c00000, 0x0000000100000000)
  region size 1024K, 3 young (3072K), 3 survivors (3072K)
 Metaspace       used 54942K, committed 55552K, reserved 1114112K
  class space    used 7195K, committed 7488K, reserved 1048576K
}
Event: 14.023 GC heap before
{Heap before GC invocations=14 (full 0):
 garbage-first heap   total 61440K, used 47650K [0x0000000090c00000, 0x0000000100000000)
  region size 1024K, 27 young (27648K), 3 survivors (3072K)
 Metaspace       used 55351K, committed 56000K, reserved 1114112K
  class space    used 7232K, committed 7552K, reserved 1048576K
}
Event: 14.033 GC heap after
{Heap after GC invocations=15 (full 0):
 garbage-first heap   total 61440K, used 23939K [0x0000000090c00000, 0x0000000100000000)
  region size 1024K, 3 young (3072K), 3 survivors (3072K)
 Metaspace       used 55351K, committed 56000K, reserved 1114112K
  class space    used 7232K, committed 7552K, reserved 1048576K
}
Event: 30.603 GC heap before
{Heap before GC invocations=15 (full 0):
 garbage-first heap   total 61440K, used 48515K [0x0000000090c00000, 0x0000000100000000)
  region size 1024K, 27 young (27648K), 3 survivors (3072K)
 Metaspace       used 59306K, committed 59904K, reserved 1114112K
  class space    used 7743K, committed 8000K, reserved 1048576K
}
Event: 30.618 GC heap after
{Heap after GC invocations=16 (full 0):
 garbage-first heap   total 119808K, used 26212K [0x0000000090c00000, 0x0000000100000000)
  region size 1024K, 4 young (4096K), 4 survivors (4096K)
 Metaspace       used 59306K, committed 59904K, reserved 1114112K
  class space    used 7743K, committed 8000K, reserved 1048576K
}
Event: 30.790 GC heap before
{Heap before GC invocations=16 (full 0):
 garbage-first heap   total 119808K, used 28260K [0x0000000090c00000, 0x0000000100000000)
  region size 1024K, 7 young (7168K), 4 survivors (4096K)
 Metaspace       used 60058K, committed 60608K, reserved 1114112K
  class space    used 7854K, committed 8128K, reserved 1048576K
}
Event: 30.800 GC heap after
{Heap after GC invocations=17 (full 0):
 garbage-first heap   total 119808K, used 26518K [0x0000000090c00000, 0x0000000100000000)
  region size 1024K, 4 young (4096K), 4 survivors (4096K)
 Metaspace       used 60058K, committed 60608K, reserved 1114112K
  class space    used 7854K, committed 8128K, reserved 1048576K
}
Event: 18799.049 GC heap before
{Heap before GC invocations=18 (full 0):
 garbage-first heap   total 99328K, used 81814K [0x0000000090c00000, 0x0000000100000000)
  region size 1024K, 58 young (59392K), 4 survivors (4096K)
 Metaspace       used 65903K, committed 66624K, reserved 1114112K
  class space    used 8415K, committed 8768K, reserved 1048576K
}

Dll operation events (14 events):
Event: 0.015 Loaded shared library C:\Users\Nipun Mendes\.jdks\corretto-19.0.2\bin\java.dll
Event: 0.040 Loaded shared library C:\Users\Nipun Mendes\.jdks\corretto-19.0.2\bin\jsvml.dll
Event: 0.332 Loaded shared library C:\Users\Nipun Mendes\.jdks\corretto-19.0.2\bin\zip.dll
Event: 0.350 Loaded shared library C:\Users\Nipun Mendes\.jdks\corretto-19.0.2\bin\instrument.dll
Event: 0.366 Loaded shared library C:\Users\Nipun Mendes\.jdks\corretto-19.0.2\bin\net.dll
Event: 0.370 Loaded shared library C:\Users\Nipun Mendes\.jdks\corretto-19.0.2\bin\nio.dll
Event: 0.376 Loaded shared library C:\Users\Nipun Mendes\.jdks\corretto-19.0.2\bin\zip.dll
Event: 0.562 Loaded shared library C:\Program Files\JetBrains\IntelliJ IDEA Community Edition 2023.3.2\bin\breakgen64.dll
Event: 0.582 Loaded shared library C:\Users\Nipun Mendes\.jdks\corretto-19.0.2\bin\extnet.dll
Event: 0.655 Loaded shared library C:\Users\Nipun Mendes\.jdks\corretto-19.0.2\bin\jimage.dll
Event: 7.230 Loaded shared library C:\Users\Nipun Mendes\.jdks\corretto-19.0.2\bin\sunmscapi.dll
Event: 7.335 Loaded shared library C:\Users\Nipun Mendes\.jdks\corretto-19.0.2\bin\management.dll
Event: 7.339 Loaded shared library C:\Users\Nipun Mendes\.jdks\corretto-19.0.2\bin\management_ext.dll
Event: 8.689 Loaded shared library C:\Users\Nipun Mendes\.jdks\corretto-19.0.2\bin\verify.dll

Deoptimization events (20 events):
Event: 15275.367 Thread 0x000002446c47a880 DEOPT PACKING pc=0x00000244576fce90 sp=0x000000ef7baff3c0
Event: 15275.367 Thread 0x000002446c47a880 DEOPT UNPACKING pc=0x0000024456db6da3 sp=0x000000ef7baff358 mode 2
Event: 16888.605 Thread 0x000002446c47a880 Uncommon trap: trap_request=0xffffff45 fr.pc=0x000002445766b5b8 relative=0x00000000000018f8
Event: 16888.605 Thread 0x000002446c47a880 Uncommon trap: reason=unstable_if action=reinterpret pc=0x000002445766b5b8 method=java.util.concurrent.ScheduledThreadPoolExecutor$DelayedWorkQueue.take()Ljava/util/concurrent/RunnableScheduledFuture; @ 59 c2
Event: 16888.605 Thread 0x000002446c47a880 DEOPT PACKING pc=0x000002445766b5b8 sp=0x000000ef7baff540
Event: 16888.605 Thread 0x000002446c47a880 DEOPT UNPACKING pc=0x0000024456db6da3 sp=0x000000ef7baff450 mode 2
Event: 16889.528 Thread 0x000002446a80d3a0 Uncommon trap: trap_request=0xffffff45 fr.pc=0x000002445766bac4 relative=0x0000000000001e04
Event: 16889.528 Thread 0x000002446a80d3a0 Uncommon trap: reason=unstable_if action=reinterpret pc=0x000002445766bac4 method=java.util.concurrent.locks.AbstractQueuedSynchronizer$ConditionObject.unlinkCancelledWaiters(Ljava/util/concurrent/locks/AbstractQueuedSynchronizer$ConditionNode;)V @ 51 c2
Event: 16889.528 Thread 0x000002446a80d3a0 DEOPT PACKING pc=0x000002445766bac4 sp=0x000000ef7bbff240
Event: 16889.528 Thread 0x000002446a80d3a0 DEOPT UNPACKING pc=0x0000024456db6da3 sp=0x000000ef7bbff010 mode 2
Event: 17582.460 Thread 0x000002446bef15e0 Uncommon trap: trap_request=0xffffff45 fr.pc=0x00000244577107d8 relative=0x0000000000001738
Event: 17582.460 Thread 0x000002446bef15e0 Uncommon trap: reason=unstable_if action=reinterpret pc=0x00000244577107d8 method=sun.nio.ch.WEPollSelectorImpl.processUpdateQueue()V @ 49 c2
Event: 17582.460 Thread 0x000002446bef15e0 DEOPT PACKING pc=0x00000244577107d8 sp=0x000000ef7c0fef00
Event: 17582.460 Thread 0x000002446bef15e0 DEOPT UNPACKING pc=0x0000024456db6da3 sp=0x000000ef7c0fece8 mode 2
Event: 18173.215 Thread 0x000002446bef15e0 Uncommon trap: trap_request=0xffffff45 fr.pc=0x000002445771504c relative=0x000000000000172c
Event: 18173.215 Thread 0x000002446bef15e0 Uncommon trap: reason=unstable_if action=reinterpret pc=0x000002445771504c method=sun.nio.ch.WEPollSelectorImpl.processUpdateQueue()V @ 49 c2
Event: 18173.215 Thread 0x000002446bef15e0 DEOPT PACKING pc=0x000002445771504c sp=0x000000ef7c0fee90
Event: 18173.215 Thread 0x000002446bef15e0 DEOPT UNPACKING pc=0x0000024456db6da3 sp=0x000000ef7c0fece0 mode 2
Event: 18776.268 Thread 0x000002446bef3b10 DEOPT PACKING pc=0x0000024450424b4c sp=0x000000ef7c4fab90
Event: 18776.268 Thread 0x000002446bef3b10 DEOPT UNPACKING pc=0x0000024456db7543 sp=0x000000ef7c4fa298 mode 0

Classes loaded (20 events):
Event: 8608.987 Loading class java/security/UnrecoverableKeyException
Event: 8608.989 Loading class java/security/UnrecoverableEntryException
Event: 8608.989 Loading class java/security/UnrecoverableEntryException done
Event: 8608.989 Loading class java/security/UnrecoverableKeyException done
Event: 8608.989 Loading class java/security/KeyStoreException
Event: 8608.989 Loading class java/security/KeyStoreException done
Event: 8608.989 Loading class java/security/KeyManagementException
Event: 8608.990 Loading class java/security/KeyManagementException done
Event: 8608.991 Loading class javax/net/ssl/TrustManager
Event: 8608.991 Loading class javax/net/ssl/TrustManager done
Event: 8608.991 Loading class javax/crypto/NoSuchPaddingException
Event: 8608.992 Loading class javax/crypto/NoSuchPaddingException done
Event: 8608.992 Loading class javax/crypto/IllegalBlockSizeException
Event: 8608.992 Loading class javax/crypto/IllegalBlockSizeException done
Event: 8608.992 Loading class javax/crypto/BadPaddingException
Event: 8608.993 Loading class javax/crypto/BadPaddingException done
Event: 8608.993 Loading class java/security/spec/InvalidKeySpecException
Event: 8608.993 Loading class java/security/spec/InvalidKeySpecException done
Event: 8608.993 Loading class java/security/spec/KeySpec
Event: 8608.993 Loading class java/security/spec/KeySpec done

Classes unloaded (0 events):
No events

Classes redefined (0 events):
No events

Internal exceptions (20 events):
Event: 14.739 Thread 0x0000024447637e00 Exception <a 'java/lang/NoSuchMethodError'{0x0000000093a769c0}: 'int java.lang.invoke.DirectMethodHandle$Holder.invokeStaticInit(java.lang.Object, java.lang.Object, java.lang.Object, java.lang.Object)'> (0x0000000093a769c0) 
thrown [s\src\hotspot\share\interpreter\linkResolver.cpp, line 774]
Event: 14.809 Thread 0x0000024447637e00 Implicit null exception at 0x00000244573fd4da to 0x00000244573fd6c8
Event: 14.923 Thread 0x0000024447637e00 Exception <a 'java/lang/NoSuchMethodError'{0x00000000936b7bf8}: 'java.lang.Object java.lang.invoke.DirectMethodHandle$Holder.newInvokeSpecial(java.lang.Object, java.lang.Object, int, java.lang.Object, java.lang.Object)'> (0x00000000936b7bf8) 
thrown [s\src\hotspot\share\interpreter\linkResolver.cpp, line 774]
Event: 14.926 Thread 0x0000024447637e00 Exception <a 'java/lang/NoSuchMethodError'{0x00000000936c3288}: 'java.lang.Object java.lang.invoke.DirectMethodHandle$Holder.invokeSpecial(java.lang.Object, java.lang.Object, int, java.lang.Object, int, java.lang.Object)'> (0x00000000936c3288) 
thrown [s\src\hotspot\share\interpreter\linkResolver.cpp, line 774]
Event: 14.927 Thread 0x0000024447637e00 Exception <a 'java/lang/NoSuchMethodError'{0x00000000936cb070}: 'java.lang.Object java.lang.invoke.DirectMethodHandle$Holder.newInvokeSpecial(java.lang.Object, java.lang.Object, int, java.lang.Object, int)'> (0x00000000936cb070) 
thrown [s\src\hotspot\share\interpreter\linkResolver.cpp, line 774]
Event: 14.927 Thread 0x0000024447637e00 Exception <a 'java/lang/NoSuchMethodError'{0x00000000936cf188}: 'java.lang.Object java.lang.invoke.DirectMethodHandle$Holder.invokeSpecial(java.lang.Object, java.lang.Object, java.lang.Object, int, java.lang.Object, int)'> (0x00000000936cf188) 
thrown [s\src\hotspot\share\interpreter\linkResolver.cpp, line 774]
Event: 30.462 Thread 0x000002446b07c080 Exception <a 'java/lang/NoSuchMethodError'{0x0000000093256fd8}: 'java.lang.Object java.lang.invoke.DirectMethodHandle$Holder.invokeSpecial(java.lang.Object, java.lang.Object, java.lang.Object, java.lang.Object, java.lang.Object, long)'> (0x0000000093256fd8) 
thrown [s\src\hotspot\share\interpreter\linkResolver.cpp, line 774]
Event: 30.462 Thread 0x000002446b07c080 Exception <a 'java/lang/NoSuchMethodError'{0x000000009325aa28}: 'java.lang.Object java.lang.invoke.Invokers$Holder.linkToTargetMethod(java.lang.Object, java.lang.Object, java.lang.Object, long, java.lang.Object)'> (0x000000009325aa28) 
thrown [s\src\hotspot\share\interpreter\linkResolver.cpp, line 774]
Event: 31.070 Thread 0x000002446b07c080 Exception <a 'java/lang/NoSuchMethodError'{0x00000000963dfc90}: 'void java.lang.invoke.DirectMethodHandle$Holder.invokeSpecialIFC(java.lang.Object, java.lang.Object, int, java.lang.Object, java.lang.Object, java.lang.Object, java.lang.Object)'> (0x00000000963dfc90) 
thrown [s\src\hotspot\share\interpreter\linkResolver.cpp, line 774]
Event: 38.903 Thread 0x000002446b07d5c0 Exception <a 'java/lang/NoSuchMethodError'{0x0000000095f4c310}: 'java.lang.Object java.lang.invoke.DirectMethodHandle$Holder.invokeInterface(java.lang.Object, java.lang.Object, java.lang.Object, java.lang.Object)'> (0x0000000095f4c310) 
thrown [s\src\hotspot\share\interpreter\linkResolver.cpp, line 774]
Event: 131.623 Thread 0x000002446bef7ad0 Exception <a 'java/lang/NoSuchMethodError'{0x0000000095d1fb38}: 'java.lang.Object java.lang.invoke.DirectMethodHandle$Holder.invokeInterface(java.lang.Object, java.lang.Object, java.lang.Object, java.lang.Object, java.lang.Object)'> (0x0000000095d1fb38) 
thrown [s\src\hotspot\share\interpreter\linkResolver.cpp, line 774]
Event: 9488.003 Thread 0x000002446a80d3a0 Implicit null exception at 0x000002445767a490 to 0x000002445767a714
Event: 9489.010 Thread 0x000002446a80d3a0 Implicit null exception at 0x000002445767a490 to 0x000002445767a714
Event: 9490.000 Thread 0x000002446a80d3a0 Implicit null exception at 0x000002445767a490 to 0x000002445767a714
Event: 9491.004 Thread 0x000002446a80d3a0 Implicit null exception at 0x000002445767a490 to 0x000002445767a714
Event: 9492.009 Thread 0x000002446c47a880 Implicit null exception at 0x000002445767ad11 to 0x000002445767af88
Event: 14837.325 Thread 0x000002446bef4b00 Exception <a 'java/lang/NoSuchMethodError'{0x0000000094992110}: 'void java.lang.invoke.DirectMethodHandle$Holder.invokeSpecial(java.lang.Object, java.lang.Object, java.lang.Object, java.lang.Object, java.lang.Object, java.lang.Object, java.lang.Object, java.lang.Object, java.lang.Object)'> (0x0000000094992110) 
thrown [s\src\hotspot\share\interpreter\linkResolver.cpp, line 774]
Event: 14837.334 Thread 0x000002446bef4b00 Exception <a 'java/lang/NoSuchMethodError'{0x00000000949bd2f8}: 'int java.lang.invoke.DirectMethodHandle$Holder.invokeStatic(java.lang.Object, java.lang.Object, int, int)'> (0x00000000949bd2f8) 
thrown [s\src\hotspot\share\interpreter\linkResolver.cpp, line 774]
Event: 14935.937 Thread 0x000002446bef7ad0 Exception <a 'java/lang/NoSuchMethodError'{0x0000000094702980}: 'java.lang.Object java.lang.invoke.DirectMethodHandle$Holder.invokeStatic(java.lang.Object, int, java.lang.Object)'> (0x0000000094702980) 
thrown [s\src\hotspot\share\interpreter\linkResolver.cpp, line 774]
Event: 14935.939 Thread 0x000002446bef7ad0 Exception <a 'java/lang/NoSuchMethodError'{0x00000000947144c8}: 'void java.lang.invoke.DirectMethodHandle$Holder.invokeSpecial(java.lang.Object, java.lang.Object, java.lang.Object, java.lang.Object, java.lang.Object, java.lang.Object, java.lang.Object, java.lang.Object)'> (0x00000000947144c8) 
thrown [s\src\hotspot\share\interpreter\linkResolver.cpp, line 774]

VM Operations (20 events):
Event: 18076.224 Executing VM operation: Cleanup done
Event: 18207.151 Executing VM operation: Cleanup
Event: 18207.151 Executing VM operation: Cleanup done
Event: 18246.528 Executing VM operation: Cleanup
Event: 18246.528 Executing VM operation: Cleanup done
Event: 18252.568 Executing VM operation: Cleanup
Event: 18252.568 Executing VM operation: Cleanup done
Event: 18282.747 Executing VM operation: Cleanup
Event: 18282.748 Executing VM operation: Cleanup done
Event: 18294.839 Executing VM operation: Cleanup
Event: 18294.839 Executing VM operation: Cleanup done
Event: 18355.229 Executing VM operation: Cleanup
Event: 18355.229 Executing VM operation: Cleanup done
Event: 18436.726 Executing VM operation: Cleanup
Event: 18436.726 Executing VM operation: Cleanup done
Event: 18437.729 Executing VM operation: Cleanup
Event: 18437.729 Executing VM operation: Cleanup done
Event: 18777.413 Executing VM operation: Cleanup
Event: 18777.413 Executing VM operation: Cleanup done
Event: 18799.049 Executing VM operation: G1CollectForAllocation

Events (20 events):
Event: 18232.102 Thread 0x000002446bef0b40 Thread added: 0x000002446bef0b40
Event: 18232.103 Thread 0x000002446bef35c0 Thread added: 0x000002446bef35c0
Event: 18237.110 Thread 0x000002446bef0b40 Thread exited: 0x000002446bef0b40
Event: 18237.142 Thread 0x000002446bef35c0 Thread exited: 0x000002446bef35c0
Event: 18248.323 Thread 0x000002446bef0b40 Thread added: 0x000002446bef0b40
Event: 18248.323 Thread 0x000002446bef35c0 Thread added: 0x000002446bef35c0
Event: 18257.434 Thread 0x000002446bef0b40 Thread exited: 0x000002446bef0b40
Event: 18257.451 Thread 0x000002446bef35c0 Thread exited: 0x000002446bef35c0
Event: 18262.517 Thread 0x000002446bef0b40 Thread added: 0x000002446bef0b40
Event: 18262.517 Thread 0x000002446bef35c0 Thread added: 0x000002446bef35c0
Event: 18268.671 Thread 0x000002446bef0b40 Thread exited: 0x000002446bef0b40
Event: 18268.687 Thread 0x000002446bef35c0 Thread exited: 0x000002446bef35c0
Event: 18271.700 Thread 0x000002446bef5af0 Thread added: 0x000002446bef5af0
Event: 18271.700 Thread 0x000002446bef35c0 Thread added: 0x000002446bef35c0
Event: 18277.283 Thread 0x000002446bef5af0 Thread exited: 0x000002446bef5af0
Event: 18277.299 Thread 0x000002446bef35c0 Thread exited: 0x000002446bef35c0
Event: 18282.381 Thread 0x000002446bef35c0 Thread added: 0x000002446bef35c0
Event: 18282.382 Thread 0x000002446bef0b40 Thread added: 0x000002446bef0b40
Event: 18288.258 Thread 0x000002446bef35c0 Thread exited: 0x000002446bef35c0
Event: 18288.274 Thread 0x000002446bef0b40 Thread exited: 0x000002446bef0b40


Dynamic libraries:
0x00007ff63ec10000 - 0x00007ff63ec1d000 	C:\Users\Nipun Mendes\.jdks\corretto-19.0.2\bin\java.exe
0x00007ffc9c450000 - 0x00007ffc9c648000 	C:\Windows\SYSTEM32\ntdll.dll
0x00007ffc9a490000 - 0x00007ffc9a54d000 	C:\Windows\System32\KERNEL32.DLL
0x00007ffc99c10000 - 0x00007ffc99f06000 	C:\Windows\System32\KERNELBASE.dll
0x00007ffc9a200000 - 0x00007ffc9a300000 	C:\Windows\System32\ucrtbase.dll
0x00007ffc80c10000 - 0x00007ffc80c25000 	C:\Users\Nipun Mendes\.jdks\corretto-19.0.2\bin\VCRUNTIME140.dll
0x00007ffc80f00000 - 0x00007ffc80f17000 	C:\Users\Nipun Mendes\.jdks\corretto-19.0.2\bin\jli.dll
0x00007ffc9b040000 - 0x00007ffc9b1de000 	C:\Windows\System32\USER32.dll
0x00007ffc872c0000 - 0x00007ffc8755a000 	C:\Windows\WinSxS\amd64_microsoft.windows.common-controls_6595b64144ccf1df_6.0.19041.3636_none_60b6a03d71f818d5\COMCTL32.dll
0x00007ffc99f10000 - 0x00007ffc99f32000 	C:\Windows\System32\win32u.dll
0x00007ffc9c270000 - 0x00007ffc9c30e000 	C:\Windows\System32\msvcrt.dll
0x00007ffc9c310000 - 0x00007ffc9c33b000 	C:\Windows\System32\GDI32.dll
0x00007ffc9a370000 - 0x00007ffc9a487000 	C:\Windows\System32\gdi32full.dll
0x00007ffc9a000000 - 0x00007ffc9a09d000 	C:\Windows\System32\msvcp_win.dll
0x00007ffc9bc90000 - 0x00007ffc9bcc2000 	C:\Windows\System32\IMM32.DLL
0x00007ffc5ec20000 - 0x00007ffc5ecbb000 	C:\Users\Nipun Mendes\.jdks\corretto-19.0.2\bin\msvcp140.dll
0x00007ffc53400000 - 0x00007ffc540d9000 	C:\Users\Nipun Mendes\.jdks\corretto-19.0.2\bin\server\jvm.dll
0x00007ffc9ac10000 - 0x00007ffc9acc3000 	C:\Windows\System32\ADVAPI32.dll
0x00007ffc9ab70000 - 0x00007ffc9ac0f000 	C:\Windows\System32\sechost.dll
0x00007ffc9be70000 - 0x00007ffc9bf96000 	C:\Windows\System32\RPCRT4.dll
0x00007ffc99fd0000 - 0x00007ffc99ff7000 	C:\Windows\System32\bcrypt.dll
0x00007ffc86dd0000 - 0x00007ffc86dd9000 	C:\Windows\SYSTEM32\WSOCK32.dll
0x00007ffc91120000 - 0x00007ffc91147000 	C:\Windows\SYSTEM32\WINMM.dll
0x00007ffc9bb40000 - 0x00007ffc9bbab000 	C:\Windows\System32\WS2_32.dll
0x00007ffc91110000 - 0x00007ffc9111a000 	C:\Windows\SYSTEM32\VERSION.dll
0x00007ffc979c0000 - 0x00007ffc979d2000 	C:\Windows\SYSTEM32\kernel.appcore.dll
0x00007ffc91f10000 - 0x00007ffc91f1a000 	C:\Users\Nipun Mendes\.jdks\corretto-19.0.2\bin\jimage.dll
0x00007ffc8db50000 - 0x00007ffc8dd34000 	C:\Windows\SYSTEM32\DBGHELP.DLL
0x00007ffc8a4d0000 - 0x00007ffc8a504000 	C:\Windows\SYSTEM32\dbgcore.DLL
0x00007ffc99f40000 - 0x00007ffc99fc2000 	C:\Windows\System32\bcryptPrimitives.dll
0x00007ffc80a10000 - 0x00007ffc80a1e000 	C:\Users\Nipun Mendes\.jdks\corretto-19.0.2\bin\instrument.dll
0x00007ffc80dd0000 - 0x00007ffc80df6000 	C:\Users\Nipun Mendes\.jdks\corretto-19.0.2\bin\java.dll
0x00007ffc5f680000 - 0x00007ffc5f756000 	C:\Users\Nipun Mendes\.jdks\corretto-19.0.2\bin\jsvml.dll
0x00007ffc9b1e0000 - 0x00007ffc9b925000 	C:\Windows\System32\SHELL32.dll
0x00007ffc97bc0000 - 0x00007ffc9835c000 	C:\Windows\SYSTEM32\windows.storage.dll
0x00007ffc9acd0000 - 0x00007ffc9b024000 	C:\Windows\System32\combase.dll
0x00007ffc994d0000 - 0x00007ffc994fe000 	C:\Windows\SYSTEM32\Wldp.dll
0x00007ffc9c340000 - 0x00007ffc9c40d000 	C:\Windows\System32\OLEAUT32.dll
0x00007ffc9bdc0000 - 0x00007ffc9be6d000 	C:\Windows\System32\SHCORE.dll
0x00007ffc9c000000 - 0x00007ffc9c055000 	C:\Windows\System32\shlwapi.dll
0x00007ffc99a40000 - 0x00007ffc99a65000 	C:\Windows\SYSTEM32\profapi.dll
0x00007ffc80d90000 - 0x00007ffc80da8000 	C:\Users\Nipun Mendes\.jdks\corretto-19.0.2\bin\zip.dll
0x00007ffc83c50000 - 0x00007ffc83c63000 	C:\Users\Nipun Mendes\.jdks\corretto-19.0.2\bin\net.dll
0x00007ffc8e0f0000 - 0x00007ffc8e1fa000 	C:\Windows\SYSTEM32\WINHTTP.dll
0x00007ffc99230000 - 0x00007ffc9929a000 	C:\Windows\system32\mswsock.dll
0x00007ffc80db0000 - 0x00007ffc80dc5000 	C:\Users\Nipun Mendes\.jdks\corretto-19.0.2\bin\nio.dll
0x00007ffc80870000 - 0x00007ffc8088a000 	C:\Program Files\JetBrains\IntelliJ IDEA Community Edition 2023.3.2\bin\breakgen64.dll
0x00007ffc91ef0000 - 0x00007ffc91ef8000 	C:\Users\Nipun Mendes\.jdks\corretto-19.0.2\bin\extnet.dll
0x00007ffc99430000 - 0x00007ffc99448000 	C:\Windows\SYSTEM32\CRYPTSP.dll
0x00007ffc98b00000 - 0x00007ffc98b34000 	C:\Windows\system32\rsaenh.dll
0x00007ffc99a00000 - 0x00007ffc99a2e000 	C:\Windows\SYSTEM32\USERENV.dll
0x00007ffc99420000 - 0x00007ffc9942c000 	C:\Windows\SYSTEM32\CRYPTBASE.dll
0x00007ffc98ec0000 - 0x00007ffc98efb000 	C:\Windows\SYSTEM32\IPHLPAPI.DLL
0x00007ffc9b030000 - 0x00007ffc9b038000 	C:\Windows\System32\NSI.dll
0x00007ffc8e780000 - 0x00007ffc8e797000 	C:\Windows\SYSTEM32\dhcpcsvc6.DLL
0x00007ffc912f0000 - 0x00007ffc9130d000 	C:\Windows\SYSTEM32\dhcpcsvc.DLL
0x00007ffc98f00000 - 0x00007ffc98fcb000 	C:\Windows\SYSTEM32\DNSAPI.dll
0x00007ffc80a00000 - 0x00007ffc80a0e000 	C:\Users\Nipun Mendes\.jdks\corretto-19.0.2\bin\sunmscapi.dll
0x00007ffc9a0a0000 - 0x00007ffc9a1fd000 	C:\Windows\System32\CRYPT32.dll
0x00007ffc99560000 - 0x00007ffc99588000 	C:\Windows\SYSTEM32\ncrypt.dll
0x00007ffc99520000 - 0x00007ffc9955b000 	C:\Windows\SYSTEM32\NTASN1.dll
0x00007ffc803d0000 - 0x00007ffc803d9000 	C:\Users\Nipun Mendes\.jdks\corretto-19.0.2\bin\management.dll
0x00007ffc80330000 - 0x00007ffc8033b000 	C:\Users\Nipun Mendes\.jdks\corretto-19.0.2\bin\management_ext.dll
0x00007ffc9bdb0000 - 0x00007ffc9bdb8000 	C:\Windows\System32\PSAPI.DLL
0x00007ffc8d950000 - 0x00007ffc8d960000 	C:\Users\Nipun Mendes\.jdks\corretto-19.0.2\bin\verify.dll
0x0000000059dc0000 - 0x0000000059de6000 	C:\Program Files\Bonjour\mdnsNSP.dll
0x00007ffc891c0000 - 0x00007ffc891ca000 	C:\Windows\System32\rasadhlp.dll
0x00007ffc89290000 - 0x00007ffc89310000 	C:\Windows\System32\fwpuclnt.dll
0x00007ffc93450000 - 0x00007ffc93457000 	C:\Windows\system32\wshunix.dll

dbghelp: loaded successfully - version: 4.0.5 - missing functions: none
symbol engine: initialized successfully - sym options: 0x614 - pdb path: .;C:\Users\Nipun Mendes\.jdks\corretto-19.0.2\bin;C:\Windows\SYSTEM32;C:\Windows\WinSxS\amd64_microsoft.windows.common-controls_6595b64144ccf1df_6.0.19041.3636_none_60b6a03d71f818d5;C:\Users\Nipun Mendes\.jdks\corretto-19.0.2\bin\server;C:\Program Files\JetBrains\IntelliJ IDEA Community Edition 2023.3.2\bin;C:\Program Files\Bonjour

VM Arguments:
jvm_args: -javaagent:C:\Program Files\JetBrains\IntelliJ IDEA Community Edition 2023.3.2\lib\idea_rt.jar=55759:C:\Program Files\JetBrains\IntelliJ IDEA Community Edition 2023.3.2\bin -Dfile.encoding=UTF-8 -Dsun.stdout.encoding=UTF-8 -Dsun.stderr.encoding=UTF-8 
java_command: com.example.backend.BackEndApplication
java_class_path (initial): C:\Users\Nipun Mendes\Desktop\AP_SUBMIT_CL-BSCSD-25-22_Dinuka Kaveen Dominguhewa\AP_SUBMIT_CL-BSCSD-25-22_Dinuka Kaveen Dominguhewa\Online-Appointment-Scheduling\back-end\target\classes;C:\Users\Nipun Mendes\.m2\repository\org\springframework\boot\spring-boot-starter-data-jpa\3.1.2\spring-boot-starter-data-jpa-3.1.2.jar;C:\Users\Nipun Mendes\.m2\repository\org\springframework\boot\spring-boot-starter-aop\3.1.2\spring-boot-starter-aop-3.1.2.jar;C:\Users\Nipun Mendes\.m2\repository\org\springframework\spring-aop\6.0.11\spring-aop-6.0.11.jar;C:\Users\Nipun Mendes\.m2\repository\org\aspectj\aspectjweaver\1.9.19\aspectjweaver-1.9.19.jar;C:\Users\Nipun Mendes\.m2\repository\org\springframework\boot\spring-boot-starter-jdbc\3.1.2\spring-boot-starter-jdbc-3.1.2.jar;C:\Users\Nipun Mendes\.m2\repository\com\zaxxer\HikariCP\5.0.1\HikariCP-5.0.1.jar;C:\Users\Nipun Mendes\.m2\repository\org\springframework\spring-jdbc\6.0.11\spring-jdbc-6.0.11.jar;C:\Users\Nipun Mendes\.m2\repository\org\hibernate\orm\hibernate-core\6.2.6.Final\hibernate-core-6.2.6.Final.jar;C:\Users\Nipun Mendes\.m2\repository\jakarta\persistence\jakarta.persistence-api\3.1.0\jakarta.persistence-api-3.1.0.jar;C:\Users\Nipun Mendes\.m2\repository\jakarta\transaction\jakarta.transaction-api\2.0.1\jakarta.transaction-api-2.0.1.jar;C:\Users\Nipun Mendes\.m2\repository\org\jboss\logging\jboss-logging\3.5.3.Final\jboss-logging-3.5.3.Final.jar;C:\Users\Nipun Mendes\.m2\repository\org\hibernate\common\hibernate-commons-annotations\6.0.6.Final\hibernate-commons-annotations-6.0.6.Final.jar;C:\Users\Nipun Mendes\.m2\repository\io\smallrye\jandex\3.0.5\jandex-3.0.5.jar;C:\Users\Nipun Mendes\.m2\repository\com\fasterxml\classmate\1.5.1\classmate-1.5.1.jar;C:\Users\Nipun Mendes\.m2\repository\net\bytebuddy\byte-buddy\1.14.5\byte-buddy-1.14.5.jar;C:\Users\Nipun Mendes\.m2\repository\org\glassfish\jaxb\jaxb-runtime\4.0.3\jaxb-runtime-4.0.3.jar;C:\Users\Nipun Mendes\.m2\repository\org\glassfish\jaxb\jaxb-core\4.0.3\jaxb-core-4.0.3.jar;C:\Users\Nipun Mendes\.m2\repository\org\eclipse\angus\angus-activation\2.0.1\angus-activation-2.0.1.jar;C:\Users\Nipun Mendes\.m2\repository\org\glassfish\jaxb\txw2\4.0.3\txw2-4.0.3.jar;C:\Users\Nipun Mendes\.m2\repository\com\sun\istack\istack-commons-runtime\4.1.2\istack-commons-runtime-4.1.2.jar;C:\Users\Nipun Mendes\.m2\repository\jakarta\inject\jakarta.inject-api\2.0.1\jakarta.inject-api-2.0.1.jar;C:\Users\Nipun Mendes\.m2\repository\org\antlr\antlr4-runtime\4.10.1\antlr4-runtime-4.10.1.jar;C:\Users\Nipun Mendes\.m2\repository\org\springframework\data\spring-data-jpa\3.1.2\spring-data-jpa-3.1.2.jar;C:\Users\Nipun Mendes\.m2\repository\org\springframework\data\spring-data-commons\3.1.2\spring-data-commons-3.1.2.jar;C:\Users\Nipun Mendes\.m2\repository\org\springframework\spring-orm\6.0.11\spring-orm-6.0.11.jar;C:\Users\Nipun Mendes\.m2\repository\org\springframework\spring-context\6.0.11\spring-context-6.0.11.jar;C:\Users\Nipun Mendes\.m2\repository\org\springframework\spring-tx\6.0.11\spring-tx-6.0.11.jar;C:\Users\Nipun Mendes\.m2\repository\org\springframework\spring-beans\6.0.11\spring-beans-6.0.11.jar;C:\Users\Nipun Mendes\.m2\repository\jakarta\annotation\jakarta.annotation-api\2.1.1\jakarta.annotation-api-2.1.1.jar;C:\Users\Nipun Mendes\.m2\repository\org\slf4j\slf4j-api\2.0.7\slf4j-api-2.0.7.jar;C:\Users\Nipun Mendes\.m2\repository\org\springframework\spring-aspects\6.0.11\spring-aspects-6.0.11.jar;C:\Users\Nipun Mendes\.m2\repository\org\springframework\boot\spring-boot-starter-web\3.1.2\spring-boot-starter-web-3.1.2.jar;C:\Users\Nipun Mendes\.m2\repository\org\springframework\boot\spring-boot-starter\3.1.2\spring-boot-starter-3.1.2.jar;C:\Users\Nipun Mendes\.m2\repository\org\springframework\boot\spring-boot\3.1.2\spring-boot-3.1.2.jar;C:\Users\Nipun Mendes\.m2\repository\org\springframework\boot\spring-boot-autoconfigure\3.1.2\spring-boot-autoconfigure-3.1.2.jar;C:\Users\Nipun Mendes\.m2\repository\org\springframework\boot\spring-boot-starter-logging\3.1.2\spring-boot-starter-logging-3.1.2.jar;C:\Users\Nipun Mendes\.m2\repository\ch\qos\logback\logback-classic\1.4.8\logback-classic-1.4.8.jar;C:\Users\Nipun Mendes\.m2\repository\ch\qos\logback\logback-core\1.4.8\logback-core-1.4.8.jar;C:\Users\Nipun Mendes\.m2\repository\org\apache\logging\log4j\log4j-to-slf4j\2.20.0\log4j-to-slf4j-2.20.0.jar;C:\Users\Nipun Mendes\.m2\repository\org\apache\logging\log4j\log4j-api\2.20.0\log4j-api-2.20.0.jar;C:\Users\Nipun Mendes\.m2\repository\org\slf4j\jul-to-slf4j\2.0.7\jul-to-slf4j-2.0.7.jar;C:\Users\Nipun Mendes\.m2\repository\org\yaml\snakeyaml\1.33\snakeyaml-1.33.jar;C:\Users\Nipun Mendes\.m2\repository\org\springframework\boot\spring-boot-starter-json\3.1.2\spring-boot-starter-json-3.1.2.jar;C:\Users\Nipun Mendes\.m2\repository\com\fasterxml\jackson\core\jackson-databind\2.15.2\jackson-databind-2.15.2.jar;C:\Users\Nipun Mendes\.m2\repository\com\fasterxml\jackson\core\jackson-annotations\2.15.2\jackson-annotations-2.15.2.jar;C:\Users\Nipun Mendes\.m2\repository\com\fasterxml\jackson\core\jackson-core\2.15.2\jackson-core-2.15.2.jar;C:\Users\Nipun Mendes\.m2\repository\com\fasterxml\jackson\datatype\jackson-datatype-jdk8\2.15.2\jackson-datatype-jdk8-2.15.2.jar;C:\Users\Nipun Mendes\.m2\repository\com\fasterxml\jackson\datatype\jackson-datatype-jsr310\2.15.2\jackson-datatype-jsr310-2.15.2.jar;C:\Users\Nipun Mendes\.m2\repository\com\fasterxml\jackson\module\jackson-module-parameter-names\2.15.2\jackson-module-parameter-names-2.15.2.jar;C:\Users\Nipun Mendes\.m2\repository\org\springframework\boot\spring-boot-starter-tomcat\3.1.2\spring-boot-starter-tomcat-3.1.2.jar;C:\Users\Nipun Mendes\.m2\repository\org\apache\tomcat\embed\tomcat-embed-core\10.1.11\tomcat-embed-core-10.1.11.jar;C:\Users\Nipun Mendes\.m2\repository\org\apache\tomcat\embed\tomcat-embed-el\10.1.11\tomcat-embed-el-10.1.11.jar;C:\Users\Nipun Mendes\.m2\repository\org\apache\tomcat\embed\tomcat-embed-websocket\10.1.11\tomcat-embed-websocket-10.1.11.jar;C:\Users\Nipun Mendes\.m2\repository\org\springframework\spring-web\6.0.11\spring-web-6.0.11.jar;C:\Users\Nipun Mendes\.m2\repository\io\micrometer\micrometer-observation\1.11.2\micrometer-observation-1.11.2.jar;C:\Users\Nipun Mendes\.m2\repository\io\micrometer\micrometer-commons\1.11.2\micrometer-commons-1.11.2.jar;C:\Users\Nipun Mendes\.m2\repository\org\springframework\spring-webmvc\6.0.11\spring-webmvc-6.0.11.jar;C:\Users\Nipun Mendes\.m2\repository\org\springframework\spring-expression\6.0.11\spring-expression-6.0.11.jar;C:\Users\Nipun Mendes\.m2\repository\com\mysql\mysql-connector-j\8.0.33\mysql-connector-j-8.0.33.jar;C:\Users\Nipun Mendes\.m2\repository\org\projectlombok\lombok\1.18.28\lombok-1.18.28.jar;C:\Users\Nipun Mendes\.m2\repository\jakarta\xml\bind\jakarta.xml.bind-api\4.0.0\jakarta.xml.bind-api-4.0.0.jar;C:\Users\Nipun Mendes\.m2\repository\jakarta\activation\jakarta.activation-api\2.1.2\jakarta.activation-api-2.1.2.jar;C:\Users\Nipun Mendes\.m2\repository\org\springframework\spring-core\6.0.11\spring-core-6.0.11.jar;C:\Users\Nipun Mendes\.m2\repository\org\springframework\spring-jcl\6.0.11\spring-jcl-6.0.11.jar
Launcher Type: SUN_STANDARD

[Global flags]
     intx CICompilerCount                          = 3                                         {product} {ergonomic}
     uint ConcGCThreads                            = 1                                         {product} {ergonomic}
     uint G1ConcRefinementThreads                  = 4                                         {product} {ergonomic}
   size_t G1HeapRegionSize                         = 1048576                                   {product} {ergonomic}
    uintx GCDrainStackTargetSize                   = 64                                        {product} {ergonomic}
   size_t InitialHeapSize                          = 117440512                                 {product} {ergonomic}
   size_t MarkStackSize                            = 4194304                                   {product} {ergonomic}
   size_t MaxHeapSize                              = 1866465280                                {product} {ergonomic}
   size_t MaxNewSize                               = 1119879168                                {product} {ergonomic}
   size_t MinHeapDeltaBytes                        = 1048576                                   {product} {ergonomic}
   size_t MinHeapSize                              = 8388608                                   {product} {ergonomic}
    uintx NonNMethodCodeHeapSize                   = 5832780                                {pd product} {ergonomic}
    uintx NonProfiledCodeHeapSize                  = 122912730                              {pd product} {ergonomic}
    uintx ProfiledCodeHeapSize                     = 122912730                              {pd product} {ergonomic}
    uintx ReservedCodeCacheSize                    = 251658240                              {pd product} {ergonomic}
     bool SegmentedCodeCache                       = true                                      {product} {ergonomic}
   size_t SoftMaxHeapSize                          = 1866465280                             {manageable} {ergonomic}
     bool UseCompressedClassPointers               = true                           {product lp64_product} {ergonomic}
     bool UseCompressedOops                        = true                           {product lp64_product} {ergonomic}
     bool UseG1GC                                  = true                                      {product} {ergonomic}
     bool UseLargePagesIndividualAllocation        = false                                  {pd product} {ergonomic}

Logging:
Log output configuration:
 #0: stdout all=warning uptime,level,tags foldmultilines=false
 #1: stderr all=off uptime,level,tags foldmultilines=false

Environment Variables:
PATH=C:\Program Files\Common Files\Oracle\Java\javapath;C:\Windows\system32;C:\Windows;C:\Windows\System32\Wbem;C:\Windows\System32\WindowsPowerShell\v1.0\;C:\Windows\System32\OpenSSH\;C:\Program Files\Git\cmd;C:\Program Files (x86)\nodejs\;C:\Users\Nipun Mendes\AppData\Local\Microsoft\WindowsApps;C:\Users\Nipun Mendes\AppData\Local\Programs\Microsoft VS Code\bin;C:\Users\Nipun Mendes\AppData\Local\GitHubDesktop\bin;C:\Program Files\Java\jdk-21\bin;C:\Program Files\JetBrains\IntelliJ IDEA Community Edition 2023.3.2\bin;;C:\Users\Nipun Mendes\AppData\Roaming\npm;C:\Program Files (x86)\nodejs\node_modules\npm;
USERNAME=Nipun Mendes
OS=Windows_NT
PROCESSOR_IDENTIFIER=AMD64 Family 21 Model 48 Stepping 1, AuthenticAMD
TMP=C:\Users\NIPUNM~1\AppData\Local\Temp
TEMP=C:\Users\NIPUNM~1\AppData\Local\Temp



---------------  S Y S T E M  ---------------

OS:
 Windows 10 , 64 bit Build 19041 (10.0.19041.3636)
OS uptime: 6 days 10:21 hours

CPU: total 4 (initial active 4) (4 cores per cpu, 1 threads per core) family 21 model 48 stepping 1 microcode 0x0, cx8, cmov, fxsr, mmx, 3dnowpref, sse, sse2, sse3, ssse3, sse4a, sse4.1, sse4.2, popcnt, lzcnt, tsc, tscinvbit, avx, aes, clmul, bmi1, fma, vzeroupper, clflush, rdtscp

Memory: 4k page, system-wide physical 7114M (1614M free)
TotalPageFile size 11238M (AvailPageFile size 1924M)
current process WorkingSet (physical memory assigned to process): 126M, peak: 246M
current process commit charge ("private bytes"): 287M, peak: 322M

vm_info: OpenJDK 64-Bit Server VM (19.0.2+7-FR) for windows-amd64 JRE (19.0.2+7-FR), built on Jan 13 2023 22:53:32 by "Administrator" with MS VC++ 15.9 (VS2017)

END.
